2019-04-25 20:35:24 [twisted] CRITICAL: Unhandled error in Deferred:
2019-04-25 20:35:24 [twisted] CRITICAL: 
Traceback (most recent call last):
  File "/usr/local/lib/python3.5/dist-packages/twisted/internet/defer.py", line 1418, in _inlineCallbacks
    result = g.send(result)
  File "/usr/local/lib/python3.5/dist-packages/scrapy/crawler.py", line 80, in crawl
    self.engine = self._create_engine()
  File "/usr/local/lib/python3.5/dist-packages/scrapy/crawler.py", line 105, in _create_engine
    return ExecutionEngine(self, lambda _: self.stop())
  File "/usr/local/lib/python3.5/dist-packages/scrapy/core/engine.py", line 69, in __init__
    self.downloader = downloader_cls(crawler)
  File "/usr/local/lib/python3.5/dist-packages/scrapy/core/downloader/__init__.py", line 88, in __init__
    self.middleware = DownloaderMiddlewareManager.from_crawler(crawler)
  File "/usr/local/lib/python3.5/dist-packages/scrapy/middleware.py", line 53, in from_crawler
    return cls.from_settings(crawler.settings, crawler)
  File "/usr/local/lib/python3.5/dist-packages/scrapy/middleware.py", line 34, in from_settings
    mwcls = load_object(clspath)
  File "/usr/local/lib/python3.5/dist-packages/scrapy/utils/misc.py", line 44, in load_object
    mod = import_module(module)
  File "/usr/lib/python3.5/importlib/__init__.py", line 126, in import_module
    return _bootstrap._gcd_import(name[level:], package, level)
  File "<frozen importlib._bootstrap>", line 986, in _gcd_import
  File "<frozen importlib._bootstrap>", line 969, in _find_and_load
  File "<frozen importlib._bootstrap>", line 958, in _find_and_load_unlocked
  File "<frozen importlib._bootstrap>", line 673, in _load_unlocked
  File "<frozen importlib._bootstrap_external>", line 661, in exec_module
  File "<frozen importlib._bootstrap_external>", line 767, in get_code
  File "<frozen importlib._bootstrap_external>", line 727, in source_to_code
  File "<frozen importlib._bootstrap>", line 222, in _call_with_frames_removed
  File "/home/tarena/正式课/scrapy/Pingan/Jiankang/Jiankang/middlewares.py", line 76
    request.headers['Accept-Encoding']=' gzip, deflate, br
                                                         ^
SyntaxError: EOL while scanning string literal
